Traceback (most recent call last):
  File "/opt/conda/lib/python3.9/site-packages/jupyter_cache/executors/utils.py", line 51, in single_nb_execution
    executenb(
  File "/opt/conda/lib/python3.9/site-packages/nbclient/client.py", line 1112, in execute
    return NotebookClient(nb=nb, resources=resources, km=km, **kwargs).execute()
  File "/opt/conda/lib/python3.9/site-packages/nbclient/util.py", line 74, in wrapped
    return just_run(coro(*args, **kwargs))
  File "/opt/conda/lib/python3.9/site-packages/nbclient/util.py", line 53, in just_run
    return loop.run_until_complete(coro)
  File "/opt/conda/lib/python3.9/asyncio/base_events.py", line 642, in run_until_complete
    return future.result()
  File "/opt/conda/lib/python3.9/site-packages/nbclient/client.py", line 553, in async_execute
    await self.async_execute_cell(
  File "/opt/conda/lib/python3.9/site-packages/nbclient/client.py", line 857, in async_execute_cell
    self._check_raise_for_error(cell, exec_reply)
  File "/opt/conda/lib/python3.9/site-packages/nbclient/client.py", line 760, in _check_raise_for_error
    raise CellExecutionError.from_cell_and_msg(cell, exec_reply_content)
nbclient.exceptions.CellExecutionError: An error occurred while executing the following cell:
------------------
display(Markdown(htmlFig(caption="<center>In Memory of my Dad  (Oct 2, 1930 - Nov 21, 1985)",imgs=[[{'src': "https://cs-web.bu.edu/~jappavoo/Resources/Pics/dad.png", 'cellwidth':'50%'}, {'src': "images/6502mb.png", 'bgcolor':'black', 'cellwidth':'50%'}]])))
------------------

[0;31m---------------------------------------------------------------------------[0m
[0;31mNameError[0m                                 Traceback (most recent call last)
[0;32m/tmp/ipykernel_2708/2966698704.py[0m in [0;36m<module>[0;34m[0m
[0;32m----> 1[0;31m [0mdisplay[0m[0;34m([0m[0mMarkdown[0m[0;34m([0m[0mhtmlFig[0m[0;34m([0m[0mcaption[0m[0;34m=[0m[0;34m"<center>In Memory of my Dad  (Oct 2, 1930 - Nov 21, 1985)"[0m[0;34m,[0m[0mimgs[0m[0;34m=[0m[0;34m[[0m[0;34m[[0m[0;34m{[0m[0;34m'src'[0m[0;34m:[0m [0;34m"https://cs-web.bu.edu/~jappavoo/Resources/Pics/dad.png"[0m[0;34m,[0m [0;34m'cellwidth'[0m[0;34m:[0m[0;34m'50%'[0m[0;34m}[0m[0;34m,[0m [0;34m{[0m[0;34m'src'[0m[0;34m:[0m [0;34m"images/6502mb.png"[0m[0;34m,[0m [0;34m'bgcolor'[0m[0;34m:[0m[0;34m'black'[0m[0;34m,[0m [0;34m'cellwidth'[0m[0;34m:[0m[0;34m'50%'[0m[0;34m}[0m[0;34m][0m[0;34m][0m[0;34m)[0m[0;34m)[0m[0;34m)[0m[0;34m[0m[0;34m[0m[0m
[0m
[0;31mNameError[0m: name 'Markdown' is not defined
NameError: name 'Markdown' is not defined

