Traceback (most recent call last):
  File "/opt/conda/lib/python3.9/site-packages/jupyter_cache/executors/utils.py", line 51, in single_nb_execution
    executenb(
  File "/opt/conda/lib/python3.9/site-packages/nbclient/client.py", line 1112, in execute
    return NotebookClient(nb=nb, resources=resources, km=km, **kwargs).execute()
  File "/opt/conda/lib/python3.9/site-packages/nbclient/util.py", line 74, in wrapped
    return just_run(coro(*args, **kwargs))
  File "/opt/conda/lib/python3.9/site-packages/nbclient/util.py", line 53, in just_run
    return loop.run_until_complete(coro)
  File "/opt/conda/lib/python3.9/asyncio/base_events.py", line 642, in run_until_complete
    return future.result()
  File "/opt/conda/lib/python3.9/site-packages/nbclient/client.py", line 553, in async_execute
    await self.async_execute_cell(
  File "/opt/conda/lib/python3.9/site-packages/nbclient/client.py", line 857, in async_execute_cell
    self._check_raise_for_error(cell, exec_reply)
  File "/opt/conda/lib/python3.9/site-packages/nbclient/client.py", line 760, in _check_raise_for_error
    raise CellExecutionError.from_cell_and_msg(cell, exec_reply_content)
nbclient.exceptions.CellExecutionError: An error occurred while executing the following cell:
------------------
display(HTML(htmlFig(
    [
        [
            {'src':"../images/UnixL01_SHCHT/06SHLLChat.png",
             'caption':'A: Press Enter', 
             'border': '1px solid black',
             'padding':'1px',
             'cellwidth'
            },
            {'src':"../images/UnixL01_SHCHT/07SHLLChat.png",
             'caption':'B: Shell "blank line" input processing' , 
             'border': '1px solid black',
             'padding':'1px'
            },
            {'src':"../images/UnixL01_SHCHT/08SHLLChat.png",
             'caption':'C: Shell sends Prompt back', 
             'border': '1px solid black',
             'padding':'1px'
            },
        ]
    ],
    id="fig:shell-blankline",
    caption="<center> Figure: Shell blank line behavior </center>"
)))
------------------

[0;36m  File [0;32m"/tmp/ipykernel_9589/219973528.py"[0;36m, line [0;32m9[0m
[0;31m    },[0m
[0m    ^[0m
[0;31mSyntaxError[0m[0;31m:[0m invalid syntax

SyntaxError: invalid syntax (219973528.py, line 9)

